2023-10-16 13:39:40.0992 DEBUG The application Started
2023-10-16 13:39:41.3304 DEBUG Hosting starting
2023-10-16 13:39:41.3620 INFO User profile is available. Using 'C:\Users\Teju Reddy\AppData\Local\ASP.NET\DataProtection-Keys' as key repository and Windows DPAPI to encrypt keys at rest.
2023-10-16 13:39:41.8105 DEBUG Reading data from file 'C:\Users\Teju Reddy\AppData\Local\ASP.NET\DataProtection-Keys\key-2bd0fb4a-6afe-4e6b-b667-eec47e07ba6c.xml'.
2023-10-16 13:39:41.8175 DEBUG Found key {2bd0fb4a-6afe-4e6b-b667-eec47e07ba6c}.
2023-10-16 13:39:41.8175 DEBUG Considering key {2bd0fb4a-6afe-4e6b-b667-eec47e07ba6c} with expiration date 2023-11-27 07:29:19Z as default key.
2023-10-16 13:39:41.8475 DEBUG Forwarded activator type request from Microsoft.AspNetCore.DataProtection.XmlEncryption.DpapiXmlDecryptor, Microsoft.AspNetCore.DataProtection, Version=3.1.32.0, Culture=neutral, PublicKeyToken=adb9793829ddae60 to Microsoft.AspNetCore.DataProtection.XmlEncryption.DpapiXmlDecryptor, Microsoft.AspNetCore.DataProtection, Culture=neutral, PublicKeyToken=adb9793829ddae60
2023-10-16 13:39:41.8475 DEBUG Decrypting secret element using Windows DPAPI.
2023-10-16 13:39:41.8475 DEBUG Forwarded activator type request from Microsoft.AspNetCore.DataProtection.AuthenticatedEncryption.ConfigurationModel.AuthenticatedEncryptorDescriptorDeserializer, Microsoft.AspNetCore.DataProtection, Version=3.1.32.0, Culture=neutral, PublicKeyToken=adb9793829ddae60 to Microsoft.AspNetCore.DataProtection.AuthenticatedEncryption.ConfigurationModel.AuthenticatedEncryptorDescriptorDeserializer, Microsoft.AspNetCore.DataProtection, Culture=neutral, PublicKeyToken=adb9793829ddae60
2023-10-16 13:39:41.8534 DEBUG Opening CNG algorithm 'AES' from provider '(null)' with chaining mode CBC.
2023-10-16 13:39:41.8534 DEBUG Opening CNG algorithm 'SHA256' from provider '(null)' with HMAC.
2023-10-16 13:39:41.8534 DEBUG Using key {2bd0fb4a-6afe-4e6b-b667-eec47e07ba6c} as the default key.
2023-10-16 13:39:41.8534 DEBUG Key ring with default key {2bd0fb4a-6afe-4e6b-b667-eec47e07ba6c} was loaded during application startup.
2023-10-16 13:39:41.8608 DEBUG Starting host: rabbitmq://localhost/
2023-10-16 13:39:41.8913 DEBUG Connect: guest@localhost:5672/
2023-10-16 13:39:42.0107 DEBUG Connected: guest@localhost:5672/ (address: amqp://localhost:5672, local: 56081)
2023-10-16 13:39:42.0974 DEBUG Loaded hosting startup assembly FundooNoteApp
2023-10-16 13:39:42.0974 DEBUG Loaded hosting startup assembly Microsoft.AspNetCore.Watch.BrowserRefresh
2023-10-16 13:39:42.0974 DEBUG Loaded hosting startup assembly Microsoft.WebTools.BrowserLink.Net
2023-10-16 13:39:42.0974 INFO Application started. Press Ctrl+C to shut down.
2023-10-16 13:39:42.0974 INFO Hosting environment: Development
2023-10-16 13:39:42.0974 INFO Content root path: C:\Users\Teju Reddy\source\repos\FundooNote\FundooNoteApp
2023-10-16 13:39:42.0974 DEBUG Hosting started
2023-10-16 13:39:42.1179 INFO Request starting HTTP/2.0 GET https://localhost:44353/Swagger/index.html  
2023-10-16 13:39:42.1369 DEBUG Wildcard detected, all requests with hosts will be allowed.
2023-10-16 13:39:42.1369 TRACE All hosts are allowed.
2023-10-16 13:39:42.1542 DEBUG No candidates found for the request path '/Swagger/index.html'
2023-10-16 13:39:42.1542 DEBUG Request did not match any endpoints
2023-10-16 13:39:42.1542 TRACE Performing protect operation to key {2bd0fb4a-6afe-4e6b-b667-eec47e07ba6c} with purposes ('C:\Users\Teju Reddy\source\repos\FundooNote\FundooNoteApp', 'SessionMiddleware').
2023-10-16 13:39:42.1932 DEBUG AuthenticationScheme: Bearer was not authenticated.
2023-10-16 13:39:42.2311 DEBUG Response markup is scheduled to include browser refresh script injection.
2023-10-16 13:39:42.8765 INFO Request starting HTTP/2.0 GET https://localhost:44353/_framework/aspnetcore-browser-refresh.js  
2023-10-16 13:39:42.8765 INFO Request starting HTTP/2.0 GET https://localhost:44353/_vs/browserLink  
2023-10-16 13:39:42.8825 INFO Request finished in 5.5111ms 200 application/javascript; charset=utf-8
2023-10-16 13:39:42.9340 INFO Request finished in 54.1055ms 200 text/javascript; charset=UTF-8
2023-10-16 13:39:52.3223 ERROR Error closing the session.
2023-10-16 13:39:52.3223 DEBUG Response markup was updated to include browser refresh script injection.
2023-10-16 13:39:52.3296 INFO Request finished in 10213.138ms 200 text/html;charset=utf-8
2023-10-16 13:39:52.3708 INFO Request starting HTTP/2.0 GET https://localhost:44353/swagger/v1/swagger.json  
2023-10-16 13:39:52.3708 TRACE All hosts are allowed.
2023-10-16 13:39:52.3708 DEBUG No candidates found for the request path '/swagger/v1/swagger.json'
2023-10-16 13:39:52.3708 DEBUG Request did not match any endpoints
2023-10-16 13:39:52.3708 TRACE Performing protect operation to key {2bd0fb4a-6afe-4e6b-b667-eec47e07ba6c} with purposes ('C:\Users\Teju Reddy\source\repos\FundooNote\FundooNoteApp', 'SessionMiddleware').
2023-10-16 13:39:52.3708 DEBUG AuthenticationScheme: Bearer was not authenticated.
2023-10-16 13:39:52.3893 INFO Request starting HTTP/2.0 GET https://localhost:44353/Swagger/favicon-32x32.png  
2023-10-16 13:39:52.3893 TRACE All hosts are allowed.
2023-10-16 13:39:52.3893 DEBUG No candidates found for the request path '/Swagger/favicon-32x32.png'
2023-10-16 13:39:52.3893 DEBUG Request did not match any endpoints
2023-10-16 13:39:52.3893 TRACE Performing protect operation to key {2bd0fb4a-6afe-4e6b-b667-eec47e07ba6c} with purposes ('C:\Users\Teju Reddy\source\repos\FundooNote\FundooNoteApp', 'SessionMiddleware').
2023-10-16 13:39:52.3893 DEBUG AuthenticationScheme: Bearer was not authenticated.
2023-10-16 13:39:52.3977 TRACE Range header's value is empty.
2023-10-16 13:39:52.3977 INFO Sending file. Request path: '/favicon-32x32.png'. Physical path: 'N/A'
2023-10-16 13:40:01.5489 ERROR Error closing the session.
2023-10-16 13:40:01.5489 INFO Request finished in 9160.4178ms 200 image/png
2023-10-16 13:40:10.6918 ERROR Error closing the session.
2023-10-16 13:40:10.6918 INFO Request finished in 18322.0788ms 200 application/json;charset=utf-8
2023-10-16 13:40:33.6892 INFO Request starting HTTP/2.0 POST https://localhost:44353/api/User/Login application/json 72
2023-10-16 13:40:33.6892 TRACE All hosts are allowed.
2023-10-16 13:40:33.6966 DEBUG 1 candidate(s) found for the request path '/api/User/Login'
2023-10-16 13:40:33.6966 DEBUG Endpoint 'FundooNoteApp.Controllers.UserController.Login (FundooNoteApp)' with route pattern 'api/User/Login' is valid for the request path '/api/User/Login'
2023-10-16 13:40:33.6966 DEBUG Request matched endpoint 'FundooNoteApp.Controllers.UserController.Login (FundooNoteApp)'
2023-10-16 13:40:33.6966 TRACE Performing protect operation to key {2bd0fb4a-6afe-4e6b-b667-eec47e07ba6c} with purposes ('C:\Users\Teju Reddy\source\repos\FundooNote\FundooNoteApp', 'SessionMiddleware').
2023-10-16 13:40:33.6966 DEBUG AuthenticationScheme: Bearer was not authenticated.
2023-10-16 13:40:33.6966 INFO Executing endpoint 'FundooNoteApp.Controllers.UserController.Login (FundooNoteApp)'
2023-10-16 13:40:33.7109 DEBUG Registered model binder providers, in the following order: Microsoft.AspNetCore.Mvc.ModelBinding.Binders.BinderTypeModelBinderProvider, Microsoft.AspNetCore.Mvc.ModelBinding.Binders.ServicesModelBinderProvider, Microsoft.AspNetCore.Mvc.ModelBinding.Binders.BodyModelBinderProvider, Microsoft.AspNetCore.Mvc.ModelBinding.Binders.HeaderModelBinderProvider, Microsoft.AspNetCore.Mvc.ModelBinding.Binders.FloatingPointTypeModelBinderProvider, Microsoft.AspNetCore.Mvc.ModelBinding.Binders.EnumTypeModelBinderProvider, Microsoft.AspNetCore.Mvc.ModelBinding.Binders.SimpleTypeModelBinderProvider, Microsoft.AspNetCore.Mvc.ModelBinding.Binders.CancellationTokenModelBinderProvider, Microsoft.AspNetCore.Mvc.ModelBinding.Binders.ByteArrayModelBinderProvider, Microsoft.AspNetCore.Mvc.ModelBinding.Binders.FormFileModelBinderProvider, Microsoft.AspNetCore.Mvc.ModelBinding.Binders.FormCollectionModelBinderProvider, Microsoft.AspNetCore.Mvc.ModelBinding.Binders.KeyValuePairModelBinderProvider, Microsoft.AspNetCore.Mvc.ModelBinding.Binders.DictionaryModelBinderProvider, Microsoft.AspNetCore.Mvc.ModelBinding.Binders.ArrayModelBinderProvider, Microsoft.AspNetCore.Mvc.ModelBinding.Binders.CollectionModelBinderProvider, Microsoft.AspNetCore.Mvc.ModelBinding.Binders.ComplexTypeModelBinderProvider
2023-10-16 13:40:33.7396 INFO Route matched with {action = "Login", controller = "User"}. Executing controller action with signature Microsoft.AspNetCore.Mvc.IActionResult Login(CommonLayer.Model.LoginModel) on controller FundooNoteApp.Controllers.UserController (FundooNoteApp).
2023-10-16 13:40:33.7396 DEBUG Execution plan of authorization filters (in the following order): None
2023-10-16 13:40:33.7396 DEBUG Execution plan of resource filters (in the following order): None
2023-10-16 13:40:33.7396 DEBUG Execution plan of action filters (in the following order): Microsoft.AspNetCore.Mvc.ModelBinding.UnsupportedContentTypeFilter (Order: -3000), Microsoft.AspNetCore.Mvc.Infrastructure.ModelStateInvalidFilter (Order: -2000)
2023-10-16 13:40:33.7396 DEBUG Execution plan of exception filters (in the following order): None
2023-10-16 13:40:33.7396 DEBUG Execution plan of result filters (in the following order): Microsoft.AspNetCore.Mvc.Infrastructure.ClientErrorResultFilter (Order: -2000)
2023-10-16 13:40:33.7396 DEBUG Executing controller factory for controller FundooNoteApp.Controllers.UserController (FundooNoteApp)
2023-10-16 13:40:33.8472 DEBUG An 'IServiceProvider' was created for internal use by Entity Framework.
2023-10-16 13:40:33.8668 DEBUG Executed controller factory for controller FundooNoteApp.Controllers.UserController (FundooNoteApp)
2023-10-16 13:40:33.8668 DEBUG Attempting to bind parameter 'loginModel' of type 'CommonLayer.Model.LoginModel' ...
2023-10-16 13:40:33.8668 DEBUG Attempting to bind parameter 'loginModel' of type 'CommonLayer.Model.LoginModel' using the name '' in request data ...
2023-10-16 13:40:33.8668 DEBUG Selected input formatter 'Microsoft.AspNetCore.Mvc.Formatters.SystemTextJsonInputFormatter' for content type 'application/json'.
2023-10-16 13:40:33.8827 DEBUG JSON input formatter succeeded, deserializing to type 'CommonLayer.Model.LoginModel'
2023-10-16 13:40:33.8827 DEBUG Done attempting to bind parameter 'loginModel' of type 'CommonLayer.Model.LoginModel'.
2023-10-16 13:40:33.8827 DEBUG Done attempting to bind parameter 'loginModel' of type 'CommonLayer.Model.LoginModel'.
2023-10-16 13:40:33.8827 DEBUG Attempting to validate the bound parameter 'loginModel' of type 'CommonLayer.Model.LoginModel' ...
2023-10-16 13:40:33.8827 DEBUG Done attempting to validate the bound parameter 'loginModel' of type 'CommonLayer.Model.LoginModel'.
2023-10-16 13:40:33.8827 TRACE Action Filter: Before executing OnActionExecuting on filter Microsoft.AspNetCore.Mvc.ModelBinding.UnsupportedContentTypeFilter.
2023-10-16 13:40:33.8827 TRACE Action Filter: After executing OnActionExecuting on filter Microsoft.AspNetCore.Mvc.ModelBinding.UnsupportedContentTypeFilter.
2023-10-16 13:40:33.8827 TRACE Action Filter: Before executing OnActionExecuting on filter Microsoft.AspNetCore.Mvc.Infrastructure.ModelStateInvalidFilter.
2023-10-16 13:40:33.8827 TRACE Action Filter: After executing OnActionExecuting on filter Microsoft.AspNetCore.Mvc.Infrastructure.ModelStateInvalidFilter.
2023-10-16 13:40:33.8827 INFO Executing action method FundooNoteApp.Controllers.UserController.Login (FundooNoteApp) - Validation state: Valid
2023-10-16 13:40:33.8929 TRACE Executing action method FundooNoteApp.Controllers.UserController.Login (FundooNoteApp) with arguments (CommonLayer.Model.LoginModel)
2023-10-16 13:40:34.5409 INFO Entity Framework Core 3.1.0 initialized 'FundooContext' using provider 'Microsoft.EntityFrameworkCore.SqlServer' with options: None
2023-10-16 13:40:34.7968 DEBUG queryContext => new QueryingEnumerable<UserEntity>(
    (RelationalQueryContext)queryContext, 
    RelationalCommandCache, 
    null, 
    null, 
    Func<QueryContext, DbDataReader, ResultContext, int[], ResultCoordinator, UserEntity>, 
    RepoLayer.Context.FundooContext, 
    DiagnosticsLogger<Query>
)
    .SingleOrDefault()
2023-10-16 13:40:34.8195 DEBUG Creating DbCommand for 'ExecuteReader'.
2023-10-16 13:40:34.9350 DEBUG Created DbCommand for 'ExecuteReader' (113ms).
2023-10-16 13:40:34.9423 DEBUG Opening connection to database 'FundooDB' on server 'LAPTOP-IB990ERS\SQLEXPRESS'.
2023-10-16 13:40:35.7825 DEBUG Opened connection to database 'FundooDB' on server 'LAPTOP-IB990ERS\SQLEXPRESS'.
2023-10-16 13:40:35.7969 DEBUG Executing DbCommand [Parameters=[@__loginModel_EmailId_0='?' (Size = 4000)], CommandType='Text', CommandTimeout='30']
SELECT TOP(1) [u].[UserId], [u].[EmailId], [u].[FirstName], [u].[LastName], [u].[Password]
FROM [UserTable] AS [u]
WHERE [u].[EmailId] = @__loginModel_EmailId_0
2023-10-16 13:40:35.8877 INFO Executed DbCommand (97ms) [Parameters=[@__loginModel_EmailId_0='?' (Size = 4000)], CommandType='Text', CommandTimeout='30']
SELECT TOP(1) [u].[UserId], [u].[EmailId], [u].[FirstName], [u].[LastName], [u].[Password]
FROM [UserTable] AS [u]
WHERE [u].[EmailId] = @__loginModel_EmailId_0
2023-10-16 13:40:35.9491 DEBUG Context 'FundooContext' started tracking 'UserEntity' entity. Consider using 'DbContextOptionsBuilder.EnableSensitiveDataLogging' to see key values.
2023-10-16 13:40:35.9724 DEBUG A data reader was disposed.
2023-10-16 13:40:35.9724 DEBUG Closing connection to database 'FundooDB' on server 'LAPTOP-IB990ERS\SQLEXPRESS'.
2023-10-16 13:40:35.9798 DEBUG Closed connection to database 'FundooDB' on server 'LAPTOP-IB990ERS\SQLEXPRESS'.
2023-10-16 13:40:36.0904 INFO Login Successful
2023-10-16 13:40:36.0943 INFO Executed action method FundooNoteApp.Controllers.UserController.Login (FundooNoteApp), returned result Microsoft.AspNetCore.Mvc.OkObjectResult in 2197.9552ms.
2023-10-16 13:40:36.0943 TRACE Action Filter: Before executing OnActionExecuted on filter Microsoft.AspNetCore.Mvc.Infrastructure.ModelStateInvalidFilter.
2023-10-16 13:40:36.0943 TRACE Action Filter: After executing OnActionExecuted on filter Microsoft.AspNetCore.Mvc.Infrastructure.ModelStateInvalidFilter.
2023-10-16 13:40:36.0943 TRACE Action Filter: Before executing OnActionExecuted on filter Microsoft.AspNetCore.Mvc.ModelBinding.UnsupportedContentTypeFilter.
2023-10-16 13:40:36.0943 TRACE Action Filter: After executing OnActionExecuted on filter Microsoft.AspNetCore.Mvc.ModelBinding.UnsupportedContentTypeFilter.
2023-10-16 13:40:36.0943 TRACE Result Filter: Before executing OnResultExecuting on filter Microsoft.AspNetCore.Mvc.Infrastructure.ClientErrorResultFilter.
2023-10-16 13:40:36.0943 TRACE Result Filter: After executing OnResultExecuting on filter Microsoft.AspNetCore.Mvc.Infrastructure.ClientErrorResultFilter.
2023-10-16 13:40:36.0943 TRACE Before executing action result Microsoft.AspNetCore.Mvc.OkObjectResult.
2023-10-16 13:40:36.0943 DEBUG List of registered output formatters, in the following order: Microsoft.AspNetCore.Mvc.Formatters.HttpNoContentOutputFormatter, Microsoft.AspNetCore.Mvc.Formatters.StringOutputFormatter, Microsoft.AspNetCore.Mvc.Formatters.StreamOutputFormatter, Microsoft.AspNetCore.Mvc.Formatters.SystemTextJsonOutputFormatter
2023-10-16 13:40:36.0943 DEBUG No information found on request to perform content negotiation.
2023-10-16 13:40:36.0943 DEBUG Attempting to select an output formatter without using a content type as no explicit content types were specified for the response.
2023-10-16 13:40:36.0943 DEBUG Attempting to select the first formatter in the output formatters list which can write the result.
2023-10-16 13:40:36.0943 DEBUG Selected output formatter 'Microsoft.AspNetCore.Mvc.Formatters.SystemTextJsonOutputFormatter' and content type 'application/json' to write the response.
2023-10-16 13:40:36.0943 INFO Executing ObjectResult, writing value of type 'CommonLayer.Model.ResponseModel`1[[System.String, System.Private.CoreLib, Version=4.0.0.0, Culture=neutral, PublicKeyToken=7cec85d7bea7798e]]'.
2023-10-16 13:40:36.0943 TRACE After executing action result Microsoft.AspNetCore.Mvc.OkObjectResult.
2023-10-16 13:40:36.0943 TRACE Result Filter: Before executing OnResultExecuted on filter Microsoft.AspNetCore.Mvc.Infrastructure.ClientErrorResultFilter.
2023-10-16 13:40:36.0943 TRACE Result Filter: After executing OnResultExecuted on filter Microsoft.AspNetCore.Mvc.Infrastructure.ClientErrorResultFilter.
2023-10-16 13:40:36.0943 INFO Executed action FundooNoteApp.Controllers.UserController.Login (FundooNoteApp) in 2360.7923ms
2023-10-16 13:40:36.0943 INFO Executed endpoint 'FundooNoteApp.Controllers.UserController.Login (FundooNoteApp)'
2023-10-16 13:40:45.2264 ERROR Error closing the session.
2023-10-16 13:40:45.2264 DEBUG 'FundooContext' disposed.
2023-10-16 13:40:45.2264 INFO Request finished in 11544.6451ms 200 application/json; charset=utf-8
2023-10-16 17:52:15.4807 INFO Request starting HTTP/2.0 GET https://localhost:44353/Swagger/index.html  
2023-10-16 17:52:15.5460 TRACE All hosts are allowed.
2023-10-16 17:52:15.5519 DEBUG No candidates found for the request path '/Swagger/index.html'
2023-10-16 17:52:15.5519 DEBUG Request did not match any endpoints
2023-10-16 17:52:15.5519 TRACE Performing protect operation to key {2bd0fb4a-6afe-4e6b-b667-eec47e07ba6c} with purposes ('C:\Users\Teju Reddy\source\repos\FundooNote\FundooNoteApp', 'SessionMiddleware').
2023-10-16 17:52:15.5666 DEBUG AuthenticationScheme: Bearer was not authenticated.
2023-10-16 17:52:15.5824 DEBUG Response markup is scheduled to include browser refresh script injection.
2023-10-16 17:52:15.6275 INFO Request starting HTTP/2.0 GET https://localhost:44353/_framework/aspnetcore-browser-refresh.js  
2023-10-16 17:52:15.6275 INFO Request finished in 1.6764ms 200 application/javascript; charset=utf-8
2023-10-16 17:52:15.6275 INFO Request starting HTTP/2.0 GET https://localhost:44353/_vs/browserLink  
2023-10-16 17:52:15.6487 INFO Request finished in 17.3226ms 200 text/javascript; charset=UTF-8
2023-10-16 17:52:24.7928 ERROR Error closing the session.
2023-10-16 17:52:24.7928 DEBUG Response markup was updated to include browser refresh script injection.
2023-10-16 17:52:24.7928 INFO Request finished in 9319.6504ms 200 text/html;charset=utf-8
2023-10-16 17:52:24.8369 INFO Request starting HTTP/2.0 GET https://localhost:44353/swagger/v1/swagger.json  
2023-10-16 17:52:24.8369 TRACE All hosts are allowed.
2023-10-16 17:52:24.8369 DEBUG No candidates found for the request path '/swagger/v1/swagger.json'
2023-10-16 17:52:24.8369 DEBUG Request did not match any endpoints
2023-10-16 17:52:24.8369 TRACE Performing protect operation to key {2bd0fb4a-6afe-4e6b-b667-eec47e07ba6c} with purposes ('C:\Users\Teju Reddy\source\repos\FundooNote\FundooNoteApp', 'SessionMiddleware').
2023-10-16 17:52:24.8369 DEBUG AuthenticationScheme: Bearer was not authenticated.
2023-10-16 17:52:29.0772 ERROR Error closing the session.
2023-10-16 17:52:29.0772 INFO Request finished in 4241.6178ms 200 application/json;charset=utf-8
