2023-10-06 14:32:50.7650||DEBUG|MassTransit|Starting host: rabbitmq://localhost/ |url: |action: 
2023-10-06 14:32:50.9104||DEBUG|MassTransit|Connect: guest@localhost:5672/ |url: |action: 
2023-10-06 14:32:51.4876||DEBUG|MassTransit|Connected: guest@localhost:5672/ (address: amqp://localhost:5672, local: 56103) |url: |action: 
2023-10-06 14:33:03.0322||ERROR|Microsoft.AspNetCore.Session.SessionMiddleware|Error closing the session. StackExchange.Redis.RedisConnectionException: It was not possible to connect to the redis server(s). UnableToConnect on 127.0.0.1:6379/Interactive, Initializing/NotStarted, last: NONE, origin: BeginConnectAsync, outstanding: 0, last-read: 2s ago, last-write: 2s ago, keep-alive: 60s, state: Connecting, mgr: 10 of 10 available, last-heartbeat: never, global: 9s ago, v: 2.2.4.27433
   at StackExchange.Redis.ConnectionMultiplexer.ConnectImplAsync(ConfigurationOptions configuration, TextWriter log) in /_/src/StackExchange.Redis/ConnectionMultiplexer.cs:line 863
   at Microsoft.Extensions.Caching.StackExchangeRedis.RedisCache.ConnectAsync(CancellationToken token)
   at Microsoft.Extensions.Caching.StackExchangeRedis.RedisCache.GetAndRefreshAsync(String key, Boolean getData, CancellationToken token)
   at Microsoft.Extensions.Caching.StackExchangeRedis.RedisCache.RefreshAsync(String key, CancellationToken token)
   at Microsoft.AspNetCore.Session.DistributedSession.CommitAsync(CancellationToken cancellationToken)
   at Microsoft.AspNetCore.Session.SessionMiddleware.Invoke(HttpContext context)|url: https://localhost/Swagger/index.html|action: 
2023-10-06 14:33:07.6839||ERROR|Microsoft.AspNetCore.Session.SessionMiddleware|Error closing the session. StackExchange.Redis.RedisConnectionException: It was not possible to connect to the redis server(s). UnableToConnect on 127.0.0.1:6379/Interactive, Initializing/NotStarted, last: NONE, origin: BeginConnectAsync, outstanding: 0, last-read: 2s ago, last-write: 2s ago, keep-alive: 60s, state: Connecting, mgr: 10 of 10 available, last-heartbeat: never, global: 14s ago, v: 2.2.4.27433
   at StackExchange.Redis.ConnectionMultiplexer.ConnectImplAsync(ConfigurationOptions configuration, TextWriter log) in /_/src/StackExchange.Redis/ConnectionMultiplexer.cs:line 863
   at Microsoft.Extensions.Caching.StackExchangeRedis.RedisCache.ConnectAsync(CancellationToken token)
   at Microsoft.Extensions.Caching.StackExchangeRedis.RedisCache.GetAndRefreshAsync(String key, Boolean getData, CancellationToken token)
   at Microsoft.Extensions.Caching.StackExchangeRedis.RedisCache.RefreshAsync(String key, CancellationToken token)
   at Microsoft.AspNetCore.Session.DistributedSession.CommitAsync(CancellationToken cancellationToken)
   at Microsoft.AspNetCore.Session.SessionMiddleware.Invoke(HttpContext context)|url: https://localhost/swagger/v1/swagger.json|action: 
2023-10-06 14:35:21.9079||ERROR|FundooNoteApp.Controllers.UserController| |url: https://localhost/api/User/Register|action: Register
2023-10-06 14:35:31.1712||ERROR|Microsoft.AspNetCore.Session.SessionMiddleware|Error closing the session. StackExchange.Redis.RedisConnectionException: It was not possible to connect to the redis server(s). UnableToConnect on 127.0.0.1:6379/Interactive, Initializing/NotStarted, last: NONE, origin: BeginConnectAsync, outstanding: 0, last-read: 2s ago, last-write: 2s ago, keep-alive: 60s, state: Connecting, mgr: 10 of 10 available, last-heartbeat: never, global: 157s ago, v: 2.2.4.27433
   at StackExchange.Redis.ConnectionMultiplexer.ConnectImplAsync(ConfigurationOptions configuration, TextWriter log) in /_/src/StackExchange.Redis/ConnectionMultiplexer.cs:line 863
   at Microsoft.Extensions.Caching.StackExchangeRedis.RedisCache.ConnectAsync(CancellationToken token)
   at Microsoft.Extensions.Caching.StackExchangeRedis.RedisCache.GetAndRefreshAsync(String key, Boolean getData, CancellationToken token)
   at Microsoft.Extensions.Caching.StackExchangeRedis.RedisCache.RefreshAsync(String key, CancellationToken token)
   at Microsoft.AspNetCore.Session.DistributedSession.CommitAsync(CancellationToken cancellationToken)
   at Microsoft.AspNetCore.Session.SessionMiddleware.Invoke(HttpContext context)|url: https://localhost/api/User/Register|action: Register
2023-10-06 14:36:44.9489||DEBUG|MassTransit|Starting host: rabbitmq://localhost/ |url: |action: 
2023-10-06 14:36:45.0347||DEBUG|MassTransit|Connect: guest@localhost:5672/ |url: |action: 
2023-10-06 14:36:45.2659||DEBUG|MassTransit|Connected: guest@localhost:5672/ (address: amqp://localhost:5672, local: 56257) |url: |action: 
2023-10-06 14:36:55.3078||ERROR|Microsoft.AspNetCore.Session.SessionMiddleware|Error closing the session. StackExchange.Redis.RedisConnectionException: It was not possible to connect to the redis server(s). UnableToConnect on 127.0.0.1:6379/Interactive, Initializing/NotStarted, last: NONE, origin: BeginConnectAsync, outstanding: 0, last-read: 2s ago, last-write: 2s ago, keep-alive: 60s, state: Connecting, mgr: 10 of 10 available, last-heartbeat: never, global: 9s ago, v: 2.2.4.27433
   at StackExchange.Redis.ConnectionMultiplexer.ConnectImplAsync(ConfigurationOptions configuration, TextWriter log) in /_/src/StackExchange.Redis/ConnectionMultiplexer.cs:line 863
   at Microsoft.Extensions.Caching.StackExchangeRedis.RedisCache.ConnectAsync(CancellationToken token)
   at Microsoft.Extensions.Caching.StackExchangeRedis.RedisCache.GetAndRefreshAsync(String key, Boolean getData, CancellationToken token)
   at Microsoft.Extensions.Caching.StackExchangeRedis.RedisCache.RefreshAsync(String key, CancellationToken token)
   at Microsoft.AspNetCore.Session.DistributedSession.CommitAsync(CancellationToken cancellationToken)
   at Microsoft.AspNetCore.Session.SessionMiddleware.Invoke(HttpContext context)|url: https://localhost/Swagger/index.html|action: 
2023-10-06 14:36:59.7920||ERROR|Microsoft.AspNetCore.Session.SessionMiddleware|Error closing the session. StackExchange.Redis.RedisConnectionException: It was not possible to connect to the redis server(s). UnableToConnect on 127.0.0.1:6379/Interactive, Initializing/NotStarted, last: NONE, origin: BeginConnectAsync, outstanding: 0, last-read: 2s ago, last-write: 2s ago, keep-alive: 60s, state: Connecting, mgr: 10 of 10 available, last-heartbeat: never, global: 13s ago, v: 2.2.4.27433
   at StackExchange.Redis.ConnectionMultiplexer.ConnectImplAsync(ConfigurationOptions configuration, TextWriter log) in /_/src/StackExchange.Redis/ConnectionMultiplexer.cs:line 863
   at Microsoft.Extensions.Caching.StackExchangeRedis.RedisCache.ConnectAsync(CancellationToken token)
   at Microsoft.Extensions.Caching.StackExchangeRedis.RedisCache.GetAndRefreshAsync(String key, Boolean getData, CancellationToken token)
   at Microsoft.Extensions.Caching.StackExchangeRedis.RedisCache.RefreshAsync(String key, CancellationToken token)
   at Microsoft.AspNetCore.Session.DistributedSession.CommitAsync(CancellationToken cancellationToken)
   at Microsoft.AspNetCore.Session.SessionMiddleware.Invoke(HttpContext context)|url: https://localhost/swagger/v1/swagger.json|action: 
2023-10-06 14:37:36.2174||ERROR|FundooNoteApp.Controllers.UserController|UserRegistration Successful |url: https://localhost/api/User/Register|action: Register
2023-10-06 14:37:40.3086||ERROR|Microsoft.AspNetCore.Session.SessionMiddleware|Error closing the session. StackExchange.Redis.RedisConnectionException: It was not possible to connect to the redis server(s). UnableToConnect on 127.0.0.1:6379/Interactive, Initializing/NotStarted, last: NONE, origin: BeginConnectAsync, outstanding: 0, last-read: 2s ago, last-write: 2s ago, keep-alive: 60s, state: Connecting, mgr: 10 of 10 available, last-heartbeat: never, global: 54s ago, v: 2.2.4.27433
   at StackExchange.Redis.ConnectionMultiplexer.ConnectImplAsync(ConfigurationOptions configuration, TextWriter log) in /_/src/StackExchange.Redis/ConnectionMultiplexer.cs:line 863
   at Microsoft.Extensions.Caching.StackExchangeRedis.RedisCache.ConnectAsync(CancellationToken token)
   at Microsoft.Extensions.Caching.StackExchangeRedis.RedisCache.GetAndRefreshAsync(String key, Boolean getData, CancellationToken token)
   at Microsoft.Extensions.Caching.StackExchangeRedis.RedisCache.RefreshAsync(String key, CancellationToken token)
   at Microsoft.AspNetCore.Session.DistributedSession.CommitAsync(CancellationToken cancellationToken)
   at Microsoft.AspNetCore.Session.SessionMiddleware.Invoke(HttpContext context)|url: https://localhost/api/User/Register|action: Register
2023-10-06 14:48:51.0583||DEBUG|MassTransit|Starting host: rabbitmq://localhost/ |url: |action: 
2023-10-06 14:48:51.1384||DEBUG|MassTransit|Connect: guest@localhost:5672/ |url: |action: 
2023-10-06 14:48:51.3586||DEBUG|MassTransit|Connected: guest@localhost:5672/ (address: amqp://localhost:5672, local: 56402) |url: |action: 
2023-10-06 14:49:01.4287||ERROR|Microsoft.AspNetCore.Session.SessionMiddleware|Error closing the session. StackExchange.Redis.RedisConnectionException: It was not possible to connect to the redis server(s). UnableToConnect on 127.0.0.1:6379/Interactive, Initializing/NotStarted, last: NONE, origin: BeginConnectAsync, outstanding: 0, last-read: 2s ago, last-write: 2s ago, keep-alive: 60s, state: Connecting, mgr: 10 of 10 available, last-heartbeat: never, global: 9s ago, v: 2.2.4.27433
   at StackExchange.Redis.ConnectionMultiplexer.ConnectImplAsync(ConfigurationOptions configuration, TextWriter log) in /_/src/StackExchange.Redis/ConnectionMultiplexer.cs:line 863
   at Microsoft.Extensions.Caching.StackExchangeRedis.RedisCache.ConnectAsync(CancellationToken token)
   at Microsoft.Extensions.Caching.StackExchangeRedis.RedisCache.GetAndRefreshAsync(String key, Boolean getData, CancellationToken token)
   at Microsoft.Extensions.Caching.StackExchangeRedis.RedisCache.RefreshAsync(String key, CancellationToken token)
   at Microsoft.AspNetCore.Session.DistributedSession.CommitAsync(CancellationToken cancellationToken)
   at Microsoft.AspNetCore.Session.SessionMiddleware.Invoke(HttpContext context)|url: https://localhost/Swagger/index.html|action: 
2023-10-06 14:49:10.8698||ERROR|Microsoft.AspNetCore.Session.SessionMiddleware|Error closing the session. StackExchange.Redis.RedisConnectionException: It was not possible to connect to the redis server(s). UnableToConnect on 127.0.0.1:6379/Interactive, Initializing/NotStarted, last: NONE, origin: BeginConnectAsync, outstanding: 0, last-read: 2s ago, last-write: 2s ago, keep-alive: 60s, state: Connecting, mgr: 10 of 10 available, last-heartbeat: never, global: 18s ago, v: 2.2.4.27433
   at StackExchange.Redis.ConnectionMultiplexer.ConnectImplAsync(ConfigurationOptions configuration, TextWriter log) in /_/src/StackExchange.Redis/ConnectionMultiplexer.cs:line 863
   at Microsoft.Extensions.Caching.StackExchangeRedis.RedisCache.ConnectAsync(CancellationToken token)
   at Microsoft.Extensions.Caching.StackExchangeRedis.RedisCache.GetAndRefreshAsync(String key, Boolean getData, CancellationToken token)
   at Microsoft.Extensions.Caching.StackExchangeRedis.RedisCache.RefreshAsync(String key, CancellationToken token)
   at Microsoft.AspNetCore.Session.DistributedSession.CommitAsync(CancellationToken cancellationToken)
   at Microsoft.AspNetCore.Session.SessionMiddleware.Invoke(HttpContext context)|url: https://localhost/swagger/v1/swagger.json|action: 
2023-10-06 14:49:44.0562||INFO|FundooNoteApp.Controllers.UserController|UserRegistration Successful |url: https://localhost/api/User/Register|action: Register
2023-10-06 14:49:53.2554||ERROR|Microsoft.AspNetCore.Session.SessionMiddleware|Error closing the session. StackExchange.Redis.RedisConnectionException: It was not possible to connect to the redis server(s). UnableToConnect on 127.0.0.1:6379/Interactive, Initializing/NotStarted, last: NONE, origin: BeginConnectAsync, outstanding: 0, last-read: 2s ago, last-write: 2s ago, keep-alive: 60s, state: Connecting, mgr: 10 of 10 available, last-heartbeat: never, global: 61s ago, v: 2.2.4.27433
   at StackExchange.Redis.ConnectionMultiplexer.ConnectImplAsync(ConfigurationOptions configuration, TextWriter log) in /_/src/StackExchange.Redis/ConnectionMultiplexer.cs:line 863
   at Microsoft.Extensions.Caching.StackExchangeRedis.RedisCache.ConnectAsync(CancellationToken token)
   at Microsoft.Extensions.Caching.StackExchangeRedis.RedisCache.GetAndRefreshAsync(String key, Boolean getData, CancellationToken token)
   at Microsoft.Extensions.Caching.StackExchangeRedis.RedisCache.RefreshAsync(String key, CancellationToken token)
   at Microsoft.AspNetCore.Session.DistributedSession.CommitAsync(CancellationToken cancellationToken)
   at Microsoft.AspNetCore.Session.SessionMiddleware.Invoke(HttpContext context)|url: https://localhost/api/User/Register|action: Register
2023-10-06 15:18:01.8536||DEBUG|MassTransit|Starting host: rabbitmq://localhost/ |url: |action: 
2023-10-06 15:18:01.9197||DEBUG|MassTransit|Connect: guest@localhost:5672/ |url: |action: 
2023-10-06 15:18:02.1269||DEBUG|MassTransit|Connected: guest@localhost:5672/ (address: amqp://localhost:5672, local: 57383) |url: |action: 
2023-10-06 15:18:12.2833||ERROR|Microsoft.AspNetCore.Session.SessionMiddleware|Error closing the session. StackExchange.Redis.RedisConnectionException: It was not possible to connect to the redis server(s). UnableToConnect on 127.0.0.1:6379/Interactive, Initializing/NotStarted, last: NONE, origin: BeginConnectAsync, outstanding: 0, last-read: 2s ago, last-write: 2s ago, keep-alive: 60s, state: Connecting, mgr: 10 of 10 available, last-heartbeat: never, global: 9s ago, v: 2.2.4.27433
   at StackExchange.Redis.ConnectionMultiplexer.ConnectImplAsync(ConfigurationOptions configuration, TextWriter log) in /_/src/StackExchange.Redis/ConnectionMultiplexer.cs:line 863
   at Microsoft.Extensions.Caching.StackExchangeRedis.RedisCache.ConnectAsync(CancellationToken token)
   at Microsoft.Extensions.Caching.StackExchangeRedis.RedisCache.GetAndRefreshAsync(String key, Boolean getData, CancellationToken token)
   at Microsoft.Extensions.Caching.StackExchangeRedis.RedisCache.RefreshAsync(String key, CancellationToken token)
   at Microsoft.AspNetCore.Session.DistributedSession.CommitAsync(CancellationToken cancellationToken)
   at Microsoft.AspNetCore.Session.SessionMiddleware.Invoke(HttpContext context)|url: https://localhost/Swagger/index.html|action: 
2023-10-06 15:18:16.7907||ERROR|Microsoft.AspNetCore.Session.SessionMiddleware|Error closing the session. StackExchange.Redis.RedisConnectionException: It was not possible to connect to the redis server(s). UnableToConnect on 127.0.0.1:6379/Interactive, Initializing/NotStarted, last: NONE, origin: BeginConnectAsync, outstanding: 0, last-read: 2s ago, last-write: 2s ago, keep-alive: 60s, state: Connecting, mgr: 10 of 10 available, last-heartbeat: never, global: 13s ago, v: 2.2.4.27433
   at StackExchange.Redis.ConnectionMultiplexer.ConnectImplAsync(ConfigurationOptions configuration, TextWriter log) in /_/src/StackExchange.Redis/ConnectionMultiplexer.cs:line 863
   at Microsoft.Extensions.Caching.StackExchangeRedis.RedisCache.ConnectAsync(CancellationToken token)
   at Microsoft.Extensions.Caching.StackExchangeRedis.RedisCache.GetAndRefreshAsync(String key, Boolean getData, CancellationToken token)
   at Microsoft.Extensions.Caching.StackExchangeRedis.RedisCache.RefreshAsync(String key, CancellationToken token)
   at Microsoft.AspNetCore.Session.DistributedSession.CommitAsync(CancellationToken cancellationToken)
   at Microsoft.AspNetCore.Session.SessionMiddleware.Invoke(HttpContext context)|url: https://localhost/swagger/v1/swagger.json|action: 
2023-10-06 15:19:25.0651||INFO|FundooNoteApp.Controllers.UserController|UserRegistration Successful |url: https://localhost/api/User/Register|action: Register
2023-10-06 15:19:34.2476||ERROR|Microsoft.AspNetCore.Session.SessionMiddleware|Error closing the session. StackExchange.Redis.RedisConnectionException: It was not possible to connect to the redis server(s). UnableToConnect on 127.0.0.1:6379/Interactive, Initializing/NotStarted, last: NONE, origin: BeginConnectAsync, outstanding: 0, last-read: 2s ago, last-write: 2s ago, keep-alive: 60s, state: Connecting, mgr: 10 of 10 available, last-heartbeat: never, global: 91s ago, v: 2.2.4.27433
   at StackExchange.Redis.ConnectionMultiplexer.ConnectImplAsync(ConfigurationOptions configuration, TextWriter log) in /_/src/StackExchange.Redis/ConnectionMultiplexer.cs:line 863
   at Microsoft.Extensions.Caching.StackExchangeRedis.RedisCache.ConnectAsync(CancellationToken token)
   at Microsoft.Extensions.Caching.StackExchangeRedis.RedisCache.GetAndRefreshAsync(String key, Boolean getData, CancellationToken token)
   at Microsoft.Extensions.Caching.StackExchangeRedis.RedisCache.RefreshAsync(String key, CancellationToken token)
   at Microsoft.AspNetCore.Session.DistributedSession.CommitAsync(CancellationToken cancellationToken)
   at Microsoft.AspNetCore.Session.SessionMiddleware.Invoke(HttpContext context)|url: https://localhost/api/User/Register|action: Register
